<?xml version="1.0" encoding="UTF-8"?>
<testsuite xmlns:xsi="http://www.w3.org/2001/XMLSchema-instance" xsi:noNamespaceSchemaLocation="https://maven.apache.org/surefire/maven-surefire-plugin/xsd/surefire-test-report-3.0.xsd" version="3.0" name="com.banking.smart_bank.SmartBankApplicationTests" time="7.238" tests="2" errors="0" skipped="0" failures="0">
  <properties>
[...]
</properties>
  <testcase name="testPasswordEncoder" classname="com.banking.smart_bank.SmartBankApplicationTests" time="0.595">
    <system-out><![CDATA[13:27:38.005 [main] INFO org.springframework.test.context.support.AnnotationConfigContextLoaderUtils -- Could not detect default configuration classes for test class [com.banking.smart_bank.SmartBankApplicationTests]: SmartBankApplicationTests does not declare any static, non-private, non-final, nested classes annotated with @Configuration.
13:27:38.099 [main] INFO org.springframework.boot.test.context.SpringBootTestContextBootstrapper -- Found @SpringBootConfiguration com.banking.smart_bank.SmartBankApplication for test class com.banking.smart_bank.SmartBankApplicationTests
13:27:38.271 [main] INFO org.springframework.boot.devtools.restart.RestartApplicationListener -- Restart disabled due to context in which it is running

  .   ____          _            __ _ _
 /\\ / ___'_ __ _ _(_)_ __  __ _ \ \ \ \
( ( )\___ | '_ | '_| | '_ \/ _` | \ \ \ \
 \\/  ___)| |_)| | | | | || (_| |  ) ) ) )
  '  |____| .__|_| |_|_| |_\__, | / / / /
 =========|_|==============|___/=/_/_/_/

 :: Spring Boot ::                (v3.3.5)

2024-12-04T13:27:38.570-05:00  INFO 30468 --- [smart-bank] [           main] c.b.s.SmartBankApplicationTests          : Starting SmartBankApplicationTests using Java 17.0.13 with PID 30468 (started by bisha in D:\metcs763\metcs763_smart-bank\smart-bank)
2024-12-04T13:27:38.570-05:00  INFO 30468 --- [smart-bank] [           main] c.b.s.SmartBankApplicationTests          : No active profile set, falling back to 1 default profile: "default"
2024-12-04T13:27:39.368-05:00  INFO 30468 --- [smart-bank] [           main] .s.d.r.c.RepositoryConfigurationDelegate : Bootstrapping Spring Data JPA repositories in DEFAULT mode.
2024-12-04T13:27:39.462-05:00  INFO 30468 --- [smart-bank] [           main] .s.d.r.c.RepositoryConfigurationDelegate : Finished Spring Data repository scanning in 74 ms. Found 3 JPA repository interfaces.
2024-12-04T13:27:40.134-05:00  INFO 30468 --- [smart-bank] [           main] o.hibernate.jpa.internal.util.LogHelper  : HHH000204: Processing PersistenceUnitInfo [name: default]
2024-12-04T13:27:40.243-05:00  INFO 30468 --- [smart-bank] [           main] org.hibernate.Version                    : HHH000412: Hibernate ORM core version 6.5.3.Final
2024-12-04T13:27:40.275-05:00  INFO 30468 --- [smart-bank] [           main] o.h.c.internal.RegionFactoryInitiator    : HHH000026: Second-level cache disabled
2024-12-04T13:27:40.681-05:00  INFO 30468 --- [smart-bank] [           main] o.s.o.j.p.SpringPersistenceUnitInfo      : No LoadTimeWeaver setup: ignoring JPA class transformer
2024-12-04T13:27:40.713-05:00  INFO 30468 --- [smart-bank] [           main] com.zaxxer.hikari.HikariDataSource       : HikariPool-1 - Starting...
2024-12-04T13:27:41.025-05:00  INFO 30468 --- [smart-bank] [           main] com.zaxxer.hikari.pool.HikariPool        : HikariPool-1 - Added connection com.mysql.cj.jdbc.ConnectionImpl@7a1ddbf1
2024-12-04T13:27:41.041-05:00  INFO 30468 --- [smart-bank] [           main] com.zaxxer.hikari.HikariDataSource       : HikariPool-1 - Start completed.
2024-12-04T13:27:42.062-05:00  INFO 30468 --- [smart-bank] [           main] o.h.e.t.j.p.i.JtaPlatformInitiator       : HHH000489: No JTA platform available (set 'hibernate.transaction.jta.platform' to enable JTA platform integration)
2024-12-04T13:27:42.141-05:00  INFO 30468 --- [smart-bank] [           main] j.LocalContainerEntityManagerFactoryBean : Initialized JPA EntityManagerFactory for persistence unit 'default'
2024-12-04T13:27:42.691-05:00  WARN 30468 --- [smart-bank] [           main] JpaBaseConfiguration$JpaWebConfiguration : spring.jpa.open-in-view is enabled by default. Therefore, database queries may be performed during view rendering. Explicitly configure spring.jpa.open-in-view to disable this warning
2024-12-04T13:27:42.738-05:00  INFO 30468 --- [smart-bank] [           main] r$InitializeUserDetailsManagerConfigurer : Global AuthenticationManager configured with UserDetailsService bean with name customUserDetailsService
2024-12-04T13:27:43.599-05:00 DEBUG 30468 --- [smart-bank] [           main] o.s.s.web.DefaultSecurityFilterChain     : Will secure any request with filters: DisableEncodeUrlFilter, WebAsyncManagerIntegrationFilter, SecurityContextHolderFilter, HeaderWriterFilter, CorsFilter, LogoutFilter, BasicAuthenticationFilter, RequestCacheAwareFilter, SecurityContextHolderAwareRequestFilter, AnonymousAuthenticationFilter, ExceptionTranslationFilter, AuthorizationFilter
2024-12-04T13:27:44.226-05:00  INFO 30468 --- [smart-bank] [           main] c.b.s.SmartBankApplicationTests          : Started SmartBankApplicationTests in 5.971 seconds (process running for 6.866)
Starting password migration...
Hibernate: select u1_0.id,u1_0.address,u1_0.city,u1_0.country,u1_0.email,u1_0.fullname,u1_0.password,u1_0.phone,u1_0.state,u1_0.username,u1_0.zip from user u1_0
Hibernate: select r1_0.user_id,r1_1.id,r1_1.role from user_roles r1_0 join roles r1_1 on r1_1.id=r1_0.role_id where r1_0.user_id=?
Hibernate: select r1_0.user_id,r1_1.id,r1_1.role from user_roles r1_0 join roles r1_1 on r1_1.id=r1_0.role_id where r1_0.user_id=?
Hibernate: select r1_0.user_id,r1_1.id,r1_1.role from user_roles r1_0 join roles r1_1 on r1_1.id=r1_0.role_id where r1_0.user_id=?
Hibernate: select r1_0.user_id,r1_1.id,r1_1.role from user_roles r1_0 join roles r1_1 on r1_1.id=r1_0.role_id where r1_0.user_id=?
Hibernate: select r1_0.user_id,r1_1.id,r1_1.role from user_roles r1_0 join roles r1_1 on r1_1.id=r1_0.role_id where r1_0.user_id=?
Hibernate: select r1_0.user_id,r1_1.id,r1_1.role from user_roles r1_0 join roles r1_1 on r1_1.id=r1_0.role_id where r1_0.user_id=?
Hibernate: select r1_0.user_id,r1_1.id,r1_1.role from user_roles r1_0 join roles r1_1 on r1_1.id=r1_0.role_id where r1_0.user_id=?
Hibernate: select r1_0.user_id,r1_1.id,r1_1.role from user_roles r1_0 join roles r1_1 on r1_1.id=r1_0.role_id where r1_0.user_id=?
Hibernate: select r1_0.user_id,r1_1.id,r1_1.role from user_roles r1_0 join roles r1_1 on r1_1.id=r1_0.role_id where r1_0.user_id=?
Hibernate: select r1_0.user_id,r1_1.id,r1_1.role from user_roles r1_0 join roles r1_1 on r1_1.id=r1_0.role_id where r1_0.user_id=?
Hibernate: select u1_0.id,u1_0.address,u1_0.city,u1_0.country,u1_0.email,u1_0.fullname,u1_0.password,u1_0.phone,r1_0.user_id,r1_1.id,r1_1.role,u1_0.state,u1_0.username,u1_0.zip from user u1_0 left join user_roles r1_0 on u1_0.id=r1_0.user_id left join roles r1_1 on r1_1.id=r1_0.role_id where u1_0.id=?
Hibernate: select ca1_0.user_id,ca1_0.id,ca1_0.balance from customeraccount ca1_0 where ca1_0.user_id=?
Hibernate: select u1_0.id,u1_0.address,u1_0.city,u1_0.country,u1_0.email,u1_0.fullname,u1_0.password,u1_0.phone,r1_0.user_id,r1_1.id,r1_1.role,u1_0.state,u1_0.username,u1_0.zip from user u1_0 left join user_roles r1_0 on u1_0.id=r1_0.user_id left join roles r1_1 on r1_1.id=r1_0.role_id where u1_0.id=?
Hibernate: select ca1_0.user_id,ca1_0.id,ca1_0.balance from customeraccount ca1_0 where ca1_0.user_id=?
Hibernate: select u1_0.id,u1_0.address,u1_0.city,u1_0.country,u1_0.email,u1_0.fullname,u1_0.password,u1_0.phone,r1_0.user_id,r1_1.id,r1_1.role,u1_0.state,u1_0.username,u1_0.zip from user u1_0 left join user_roles r1_0 on u1_0.id=r1_0.user_id left join roles r1_1 on r1_1.id=r1_0.role_id where u1_0.id=?
Hibernate: select ca1_0.user_id,ca1_0.id,ca1_0.balance from customeraccount ca1_0 where ca1_0.user_id=?
Hibernate: select u1_0.id,u1_0.address,u1_0.city,u1_0.country,u1_0.email,u1_0.fullname,u1_0.password,u1_0.phone,r1_0.user_id,r1_1.id,r1_1.role,u1_0.state,u1_0.username,u1_0.zip from user u1_0 left join user_roles r1_0 on u1_0.id=r1_0.user_id left join roles r1_1 on r1_1.id=r1_0.role_id where u1_0.id=?
Hibernate: select ca1_0.user_id,ca1_0.id,ca1_0.balance from customeraccount ca1_0 where ca1_0.user_id=?
Hibernate: select u1_0.id,u1_0.address,u1_0.city,u1_0.country,u1_0.email,u1_0.fullname,u1_0.password,u1_0.phone,r1_0.user_id,r1_1.id,r1_1.role,u1_0.state,u1_0.username,u1_0.zip from user u1_0 left join user_roles r1_0 on u1_0.id=r1_0.user_id left join roles r1_1 on r1_1.id=r1_0.role_id where u1_0.id=?
Hibernate: select ca1_0.user_id,ca1_0.id,ca1_0.balance from customeraccount ca1_0 where ca1_0.user_id=?
Hibernate: select u1_0.id,u1_0.address,u1_0.city,u1_0.country,u1_0.email,u1_0.fullname,u1_0.password,u1_0.phone,r1_0.user_id,r1_1.id,r1_1.role,u1_0.state,u1_0.username,u1_0.zip from user u1_0 left join user_roles r1_0 on u1_0.id=r1_0.user_id left join roles r1_1 on r1_1.id=r1_0.role_id where u1_0.id=?
Hibernate: select ca1_0.user_id,ca1_0.id,ca1_0.balance from customeraccount ca1_0 where ca1_0.user_id=?
Hibernate: select u1_0.id,u1_0.address,u1_0.city,u1_0.country,u1_0.email,u1_0.fullname,u1_0.password,u1_0.phone,r1_0.user_id,r1_1.id,r1_1.role,u1_0.state,u1_0.username,u1_0.zip from user u1_0 left join user_roles r1_0 on u1_0.id=r1_0.user_id left join roles r1_1 on r1_1.id=r1_0.role_id where u1_0.id=?
Hibernate: select ca1_0.user_id,ca1_0.id,ca1_0.balance from customeraccount ca1_0 where ca1_0.user_id=?
Hibernate: select u1_0.id,u1_0.address,u1_0.city,u1_0.country,u1_0.email,u1_0.fullname,u1_0.password,u1_0.phone,r1_0.user_id,r1_1.id,r1_1.role,u1_0.state,u1_0.username,u1_0.zip from user u1_0 left join user_roles r1_0 on u1_0.id=r1_0.user_id left join roles r1_1 on r1_1.id=r1_0.role_id where u1_0.id=?
Hibernate: select ca1_0.user_id,ca1_0.id,ca1_0.balance from customeraccount ca1_0 where ca1_0.user_id=?
Hibernate: select u1_0.id,u1_0.address,u1_0.city,u1_0.country,u1_0.email,u1_0.fullname,u1_0.password,u1_0.phone,r1_0.user_id,r1_1.id,r1_1.role,u1_0.state,u1_0.username,u1_0.zip from user u1_0 left join user_roles r1_0 on u1_0.id=r1_0.user_id left join roles r1_1 on r1_1.id=r1_0.role_id where u1_0.id=?
Hibernate: select ca1_0.user_id,ca1_0.id,ca1_0.balance from customeraccount ca1_0 where ca1_0.user_id=?
Hibernate: select u1_0.id,u1_0.address,u1_0.city,u1_0.country,u1_0.email,u1_0.fullname,u1_0.password,u1_0.phone,r1_0.user_id,r1_1.id,r1_1.role,u1_0.state,u1_0.username,u1_0.zip from user u1_0 left join user_roles r1_0 on u1_0.id=r1_0.user_id left join roles r1_1 on r1_1.id=r1_0.role_id where u1_0.id=?
Hibernate: select ca1_0.user_id,ca1_0.id,ca1_0.balance from customeraccount ca1_0 where ca1_0.user_id=?
Password migration completed!
]]></system-out>
  </testcase>
  <testcase name="contextLoads" classname="com.banking.smart_bank.SmartBankApplicationTests" time="0.015"/>
</testsuite>